Using pre-set license
Built from '2020.3/staging' branch; Version is '2020.3.0f1 (c7b5465681fb) revision 13088070'; Using compiler version '192528614'; Build Type 'Release'
OS: 'Windows 10 Enterprise LTSC 2019; OS build 17763.2183; Version 1809; 64bit' Language: 'en' Physical Memory: 16283 MB
BatchMode: 1, IsHumanControllingUs: 0, StartBugReporterOnCrash: 0, Is64bit: 1, IsPro: 0

 COMMAND LINE ARGUMENTS:
C:\Program Files\Unity\Hub\Editor\2020.3.0f1\Editor\Unity.exe
-adb2
-batchMode
-noUpm
-name
AssetImportWorker0
-projectPath
A:/Unity Projects/Space Invaders Clone Week-4 Game a week
-logFile
Logs/AssetImportWorker0.log
-srvPort
63232
Successfully changed project path to: A:/Unity Projects/Space Invaders Clone Week-4 Game a week
A:/Unity Projects/Space Invaders Clone Week-4 Game a week
Using Asset Import Pipeline V2.
Refreshing native plugins compatible for Editor in 33.44 ms, found 1 plugins.
Preloading 0 native plugins for Editor in 0.00 ms.
Initialize engine version: 2020.3.0f1 (c7b5465681fb)
[Subsystems] Discovering subsystems at path C:/Program Files/Unity/Hub/Editor/2020.3.0f1/Editor/Data/Resources/UnitySubsystems
[Subsystems] Discovering subsystems at path A:/Unity Projects/Space Invaders Clone Week-4 Game a week/Assets
GfxDevice: creating device client; threaded=0
Direct3D:
    Version:  Direct3D 11.0 [level 11.1]
    Renderer: NVIDIA GeForce GTX 1070 (ID=0x1b81)
    Vendor:   
    VRAM:     8088 MB
    Driver:   30.0.14.7212
Initialize mono
Mono path[0] = 'C:/Program Files/Unity/Hub/Editor/2020.3.0f1/Editor/Data/Managed'
Mono path[1] = 'C:/Program Files/Unity/Hub/Editor/2020.3.0f1/Editor/Data/MonoBleedingEdge/lib/mono/unityjit'
Mono config path = 'C:/Program Files/Unity/Hub/Editor/2020.3.0f1/Editor/Data/MonoBleedingEdge/etc'
Using monoOptions --debugger-agent=transport=dt_socket,embedding=1,server=y,suspend=n,address=127.0.0.1:56396
Begin MonoManager ReloadAssembly
Registering precompiled unity dll's ...
Register platform support module: C:/Program Files/Unity/Hub/Editor/2020.3.0f1/Editor/Data/PlaybackEngines/WindowsStandaloneSupport/UnityEditor.WindowsStandalone.Extensions.dll
Registered in 0.001291 seconds.
Native extension for WindowsStandalone target not found
Refreshing native plugins compatible for Editor in 32.03 ms, found 1 plugins.
Preloading 0 native plugins for Editor in 0.00 ms.
Invoked RoslynAnalysisRunner static constructor.
RoslynAnalysisRunner will not be running.
RoslynAnalysisRunner has terminated.
Mono: successfully reloaded assembly
- Completed reload, in  1.890 seconds
Platform modules already initialized, skipping
Registering precompiled user dll's ...
Registered in 0.000682 seconds.
Begin MonoManager ReloadAssembly
Native extension for WindowsStandalone target not found
Refreshing native plugins compatible for Editor in 32.11 ms, found 1 plugins.
Preloading 0 native plugins for Editor in 0.00 ms.
Invoked RoslynAnalysisRunner static constructor.
RoslynAnalysisRunner will not be running.
RoslynAnalysisRunner has terminated.
Mono: successfully reloaded assembly
- Completed reload, in  0.841 seconds
Platform modules already initialized, skipping
========================================================================
Worker process is ready to serve import requests
Launched and connected shader compiler UnityShaderCompiler.exe after 0.04 seconds
Refreshing native plugins compatible for Editor in 0.67 ms, found 1 plugins.
Preloading 0 native plugins for Editor in 0.00 ms.
Unloading 1810 Unused Serialized files (Serialized files now loaded: 0)
System memory in use before: 84.6 MB.
System memory in use after: 84.6 MB.

Unloading 24 unused Assets to reduce memory usage. Loaded Objects now: 2252.
Total: 2.326000 ms (FindLiveObjects: 0.205700 ms CreateObjectMapping: 0.144600 ms MarkObjects: 1.817300 ms  DeleteObjects: 0.157200 ms)

========================================================================
Received Import Request.
  path: Assets/TriggerArea.cs
  artifactKey: Guid(f59fbbb36eef087458cf6605407a54d0) Importer(815301076,1909f56bfc062723c751e8b465ee728b)
Start importing Assets/TriggerArea.cs using Guid(f59fbbb36eef087458cf6605407a54d0) Importer(815301076,1909f56bfc062723c751e8b465ee728b)  -> (artifact id: '6771b264792cc7ab08cc10216e35fd45') in 0.041604 seconds
  Import took 0.044241 seconds .

========================================================================
Received Import Request.
  Time since last request: 0.000348 seconds.
  path: Assets/GameEvents.cs
  artifactKey: Guid(8c594d577d178154b92efc82b6b9bfab) Importer(815301076,1909f56bfc062723c751e8b465ee728b)
Start importing Assets/GameEvents.cs using Guid(8c594d577d178154b92efc82b6b9bfab) Importer(815301076,1909f56bfc062723c751e8b465ee728b)  -> (artifact id: 'bca34694835305df84ac0062c6c3020b') in 0.001951 seconds
  Import took 0.018107 seconds .

========================================================================
Received Prepare
Registering precompiled user dll's ...
Registered in 0.000875 seconds.
Begin MonoManager ReloadAssembly
Native extension for WindowsStandalone target not found
Refreshing native plugins compatible for Editor in 0.40 ms, found 1 plugins.
Preloading 0 native plugins for Editor in 0.00 ms.
Invoked RoslynAnalysisRunner static constructor.
RoslynAnalysisRunner will not be running.
RoslynAnalysisRunner has terminated.
Mono: successfully reloaded assembly
- Completed reload, in  0.760 seconds
Platform modules already initialized, skipping
Refreshing native plugins compatible for Editor in 0.31 ms, found 1 plugins.
Preloading 0 native plugins for Editor in 0.00 ms.
Unloading 1805 Unused Serialized files (Serialized files now loaded: 0)
System memory in use before: 84.6 MB.
System memory in use after: 84.6 MB.

Unloading 12 unused Assets to reduce memory usage. Loaded Objects now: 2256.
Total: 1.955100 ms (FindLiveObjects: 0.176300 ms CreateObjectMapping: 0.095100 ms MarkObjects: 1.552000 ms  DeleteObjects: 0.131000 ms)

========================================================================
Received Import Request.
  Time since last request: 164.660869 seconds.
  path: Assets/GameEvents.cs
  artifactKey: Guid(8c594d577d178154b92efc82b6b9bfab) Importer(815301076,1909f56bfc062723c751e8b465ee728b)
Start importing Assets/GameEvents.cs using Guid(8c594d577d178154b92efc82b6b9bfab) Importer(815301076,1909f56bfc062723c751e8b465ee728b)  -> (artifact id: '608316cea30f497b5b4de348e4fbaf83') in 0.003893 seconds
  Import took 0.006476 seconds .

========================================================================
Received Import Request.
  Time since last request: 0.039623 seconds.
  path: Assets/DoorController.cs
  artifactKey: Guid(45991cf22ac4fa844adb4d43f697bde6) Importer(815301076,1909f56bfc062723c751e8b465ee728b)
Start importing Assets/DoorController.cs using Guid(45991cf22ac4fa844adb4d43f697bde6) Importer(815301076,1909f56bfc062723c751e8b465ee728b)  -> (artifact id: '139bbff73b4a7e489c86de33be230565') in 0.008799 seconds
  Import took 0.021120 seconds .

========================================================================
Received Prepare
Registering precompiled user dll's ...
Registered in 0.000704 seconds.
Begin MonoManager ReloadAssembly
Native extension for WindowsStandalone target not found
Refreshing native plugins compatible for Editor in 0.33 ms, found 1 plugins.
Preloading 0 native plugins for Editor in 0.00 ms.
Invoked RoslynAnalysisRunner static constructor.
RoslynAnalysisRunner will not be running.
RoslynAnalysisRunner has terminated.
Mono: successfully reloaded assembly
- Completed reload, in  0.789 seconds
Platform modules already initialized, skipping
Refreshing native plugins compatible for Editor in 0.32 ms, found 1 plugins.
Preloading 0 native plugins for Editor in 0.00 ms.
Unloading 1805 Unused Serialized files (Serialized files now loaded: 0)
System memory in use before: 84.6 MB.
System memory in use after: 84.6 MB.

Unloading 12 unused Assets to reduce memory usage. Loaded Objects now: 2260.
Total: 2.167700 ms (FindLiveObjects: 0.271500 ms CreateObjectMapping: 0.084200 ms MarkObjects: 1.692400 ms  DeleteObjects: 0.118800 ms)

========================================================================
Received Prepare
Registering precompiled user dll's ...
Registered in 0.001106 seconds.
Begin MonoManager ReloadAssembly
Native extension for WindowsStandalone target not found
Refreshing native plugins compatible for Editor in 0.45 ms, found 1 plugins.
Preloading 0 native plugins for Editor in 0.00 ms.
Invoked RoslynAnalysisRunner static constructor.
RoslynAnalysisRunner will not be running.
RoslynAnalysisRunner has terminated.
Mono: successfully reloaded assembly
- Completed reload, in  0.812 seconds
Platform modules already initialized, skipping
Refreshing native plugins compatible for Editor in 0.30 ms, found 1 plugins.
Preloading 0 native plugins for Editor in 0.00 ms.
Unloading 1805 Unused Serialized files (Serialized files now loaded: 0)
System memory in use before: 84.6 MB.
System memory in use after: 84.6 MB.

Unloading 12 unused Assets to reduce memory usage. Loaded Objects now: 2264.
Total: 2.234300 ms (FindLiveObjects: 0.206500 ms CreateObjectMapping: 0.057200 ms MarkObjects: 1.575800 ms  DeleteObjects: 0.393500 ms)

========================================================================
Received Prepare
Registering precompiled user dll's ...
Registered in 0.000710 seconds.
Begin MonoManager ReloadAssembly
Native extension for WindowsStandalone target not found
Refreshing native plugins compatible for Editor in 0.34 ms, found 1 plugins.
Preloading 0 native plugins for Editor in 0.00 ms.
Invoked RoslynAnalysisRunner static constructor.
RoslynAnalysisRunner will not be running.
RoslynAnalysisRunner has terminated.
Mono: successfully reloaded assembly
- Completed reload, in  0.799 seconds
Platform modules already initialized, skipping
Refreshing native plugins compatible for Editor in 0.32 ms, found 1 plugins.
Preloading 0 native plugins for Editor in 0.00 ms.
Unloading 1805 Unused Serialized files (Serialized files now loaded: 0)
System memory in use before: 84.7 MB.
System memory in use after: 84.7 MB.

Unloading 12 unused Assets to reduce memory usage. Loaded Objects now: 2268.
Total: 2.154100 ms (FindLiveObjects: 0.190500 ms CreateObjectMapping: 0.058500 ms MarkObjects: 1.768900 ms  DeleteObjects: 0.135200 ms)

========================================================================
Received Import Request.
  Time since last request: 171.620261 seconds.
  path: Assets/Scenes
  artifactKey: Guid(275fb644abe3fa34894c51340a9ac080) Importer(815301076,1909f56bfc062723c751e8b465ee728b)
Start importing Assets/Scenes using Guid(275fb644abe3fa34894c51340a9ac080) Importer(815301076,1909f56bfc062723c751e8b465ee728b)  -> (artifact id: '441e7ce20af37c4ba39fcf566563c363') in 0.010678 seconds
  Import took 0.014092 seconds .

========================================================================
Received Import Request.
  Time since last request: 0.000594 seconds.
  path: Assets/Scenes
  artifactKey: Guid(275fb644abe3fa34894c51340a9ac080) Importer(815301076,1909f56bfc062723c751e8b465ee728b)
Start importing Assets/Scenes using Guid(275fb644abe3fa34894c51340a9ac080) Importer(815301076,1909f56bfc062723c751e8b465ee728b)  -> (artifact id: '441e7ce20af37c4ba39fcf566563c363') in 0.001900 seconds
  Import took 0.005374 seconds .

========================================================================
Received Import Request.
  Time since last request: 0.789158 seconds.
  path: Assets/GameEvents.cs
  artifactKey: Guid(8c594d577d178154b92efc82b6b9bfab) Importer(815301076,1909f56bfc062723c751e8b465ee728b)
Start importing Assets/GameEvents.cs using Guid(8c594d577d178154b92efc82b6b9bfab) Importer(815301076,1909f56bfc062723c751e8b465ee728b)  -> (artifact id: '418fd6fdb5cd9247243ffc82a457eb7f') in 0.001849 seconds
  Import took 0.004664 seconds .

========================================================================
Received Import Request.
  Time since last request: 0.000694 seconds.
  path: Assets/GameEvents.cs
  artifactKey: Guid(8c594d577d178154b92efc82b6b9bfab) Importer(815301076,1909f56bfc062723c751e8b465ee728b)
Start importing Assets/GameEvents.cs using Guid(8c594d577d178154b92efc82b6b9bfab) Importer(815301076,1909f56bfc062723c751e8b465ee728b)  -> (artifact id: '418fd6fdb5cd9247243ffc82a457eb7f') in 0.002186 seconds
  Import took 0.005265 seconds .

========================================================================
Received Import Request.
  Time since last request: 6.047131 seconds.
  path: Assets/GameEvents.cs
  artifactKey: Guid(8c594d577d178154b92efc82b6b9bfab) Importer(815301076,1909f56bfc062723c751e8b465ee728b)
Start importing Assets/GameEvents.cs using Guid(8c594d577d178154b92efc82b6b9bfab) Importer(815301076,1909f56bfc062723c751e8b465ee728b)  -> (artifact id: 'a367c4f89a055e20b8a826efa4bfe42f') in 0.002276 seconds
  Import took 0.005672 seconds .

========================================================================
Received Prepare
Registering precompiled user dll's ...
Registered in 0.001256 seconds.
Begin MonoManager ReloadAssembly
Native extension for WindowsStandalone target not found
Refreshing native plugins compatible for Editor in 0.36 ms, found 1 plugins.
Preloading 0 native plugins for Editor in 0.00 ms.
Invoked RoslynAnalysisRunner static constructor.
RoslynAnalysisRunner will not be running.
RoslynAnalysisRunner has terminated.
Mono: successfully reloaded assembly
- Completed reload, in  0.802 seconds
Platform modules already initialized, skipping
Refreshing native plugins compatible for Editor in 0.32 ms, found 1 plugins.
Preloading 0 native plugins for Editor in 0.00 ms.
Unloading 1805 Unused Serialized files (Serialized files now loaded: 0)
System memory in use before: 84.7 MB.
System memory in use after: 84.7 MB.

Unloading 12 unused Assets to reduce memory usage. Loaded Objects now: 2272.
Total: 2.052000 ms (FindLiveObjects: 0.184800 ms CreateObjectMapping: 0.056900 ms MarkObjects: 1.670800 ms  DeleteObjects: 0.138800 ms)

========================================================================
Received Import Request.
  Time since last request: 77.604499 seconds.
  path: Assets/GameEvents.cs
  artifactKey: Guid(8c594d577d178154b92efc82b6b9bfab) Importer(815301076,1909f56bfc062723c751e8b465ee728b)
Start importing Assets/GameEvents.cs using Guid(8c594d577d178154b92efc82b6b9bfab) Importer(815301076,1909f56bfc062723c751e8b465ee728b)  -> (artifact id: 'e136d96d81f92fdba853d633f6b96b90') in 0.005933 seconds
  Import took 0.008622 seconds .

========================================================================
Received Prepare
Registering precompiled user dll's ...
Registered in 0.001002 seconds.
Begin MonoManager ReloadAssembly
Native extension for WindowsStandalone target not found
Refreshing native plugins compatible for Editor in 0.34 ms, found 1 plugins.
Preloading 0 native plugins for Editor in 0.00 ms.
Invoked RoslynAnalysisRunner static constructor.
RoslynAnalysisRunner will not be running.
RoslynAnalysisRunner has terminated.
Mono: successfully reloaded assembly
- Completed reload, in  0.820 seconds
Platform modules already initialized, skipping
Refreshing native plugins compatible for Editor in 0.40 ms, found 1 plugins.
Preloading 0 native plugins for Editor in 0.00 ms.
Unloading 1805 Unused Serialized files (Serialized files now loaded: 0)
System memory in use before: 84.7 MB.
System memory in use after: 84.7 MB.

Unloading 12 unused Assets to reduce memory usage. Loaded Objects now: 2276.
Total: 2.239700 ms (FindLiveObjects: 0.247100 ms CreateObjectMapping: 0.072500 ms MarkObjects: 1.783100 ms  DeleteObjects: 0.136000 ms)

========================================================================
Received Import Request.
  Time since last request: 153.948124 seconds.
  path: Assets/GameEvents.cs
  artifactKey: Guid(8c594d577d178154b92efc82b6b9bfab) Importer(815301076,1909f56bfc062723c751e8b465ee728b)
Start importing Assets/GameEvents.cs using Guid(8c594d577d178154b92efc82b6b9bfab) Importer(815301076,1909f56bfc062723c751e8b465ee728b)  -> (artifact id: '4cb6527094bdce9eb768457c537d815c') in 0.006439 seconds
  Import took 0.019215 seconds .

========================================================================
Received Prepare
Registering precompiled user dll's ...
Registered in 0.000775 seconds.
Begin MonoManager ReloadAssembly
Native extension for WindowsStandalone target not found
Refreshing native plugins compatible for Editor in 0.37 ms, found 1 plugins.
Preloading 0 native plugins for Editor in 0.00 ms.
Invoked RoslynAnalysisRunner static constructor.
RoslynAnalysisRunner will not be running.
RoslynAnalysisRunner has terminated.
Mono: successfully reloaded assembly
- Completed reload, in  0.807 seconds
Platform modules already initialized, skipping
Refreshing native plugins compatible for Editor in 0.33 ms, found 1 plugins.
Preloading 0 native plugins for Editor in 0.00 ms.
Unloading 1805 Unused Serialized files (Serialized files now loaded: 0)
System memory in use before: 84.7 MB.
System memory in use after: 84.7 MB.

Unloading 12 unused Assets to reduce memory usage. Loaded Objects now: 2280.
Total: 1.917600 ms (FindLiveObjects: 0.179700 ms CreateObjectMapping: 0.052800 ms MarkObjects: 1.551200 ms  DeleteObjects: 0.133300 ms)

